# JRE version: OpenJDK Runtime Environment (8.0_302-b08) (build 1.8.0_302-b08)
# Java VM: OpenJDK 64-Bit Server VM (25.302-b08 mixed mode windows-amd64 compressed oops)
Heap:
 PSYoungGen      total 323584K, used 297327K [0x00000000d5580000, 0x00000000edd80000, 0x0000000100000000)
  eden space 282624K, 97% used [0x00000000d5580000,0x00000000e63002f0,0x00000000e6980000)
  from space 40960K, 52% used [0x00000000e6980000,0x00000000e7e5bb40,0x00000000e9180000)
  to   space 39424K, 0% used [0x00000000eb700000,0x00000000eb700000,0x00000000edd80000)
 ParOldGen       total 200704K, used 137052K [0x0000000080000000, 0x000000008c400000, 0x00000000d5580000)
  object space 200704K, 68% used [0x0000000080000000,0x00000000885d7390,0x000000008c400000)
 Metaspace       used 128976K, capacity 138626K, committed 138880K, reserved 1169408K
  class space    used 16408K, capacity 18010K, committed 18048K, reserved 1048576K
GC Heap History (10 events):
Event: 6948.424 GC heap before
{Heap before GC invocations=65 (full 4):
 PSYoungGen      total 246272K, used 246265K [0x00000000d5580000, 0x00000000e7d00000, 0x0000000100000000)
  eden space 218624K, 100% used [0x00000000d5580000,0x00000000e2b00000,0x00000000e2b00000)
  from space 27648K, 99% used [0x00000000e4e80000,0x00000000e697e638,0x00000000e6980000)
  to   space 36352K, 0% used [0x00000000e2b00000,0x00000000e2b00000,0x00000000e4e80000)
 ParOldGen       total 200704K, used 136368K [0x0000000080000000, 0x000000008c400000, 0x00000000d5580000)
  object space 200704K, 67% used [0x0000000080000000,0x000000008852c348,0x000000008c400000)
 Metaspace       used 128610K, capacity 138378K, committed 138624K, reserved 1169408K
  class space    used 16403K, capacity 18002K, committed 18048K, reserved 1048576K
Event: 6949.228 GC heap after
Heap after GC invocations=65 (full 4):
 PSYoungGen      total 254976K, used 24235K [0x00000000d5580000, 0x00000000e9000000, 0x0000000100000000)
  eden space 218624K, 0% used [0x00000000d5580000,0x00000000d5580000,0x00000000e2b00000)
  from space 36352K, 66% used [0x00000000e2b00000,0x00000000e42aad68,0x00000000e4e80000)
  to   space 36864K, 0% used [0x00000000e6c00000,0x00000000e6c00000,0x00000000e9000000)
 ParOldGen       total 200704K, used 136400K [0x0000000080000000, 0x000000008c400000, 0x00000000d5580000)
  object space 200704K, 67% used [0x0000000080000000,0x0000000088534348,0x000000008c400000)
 Metaspace       used 128610K, capacity 138378K, committed 138624K, reserved 1169408K
  class space    used 16403K, capacity 18002K, committed 18048K, reserved 1048576K
}
Event: 6957.681 GC heap before
{Heap before GC invocations=66 (full 4):
 PSYoungGen      total 254976K, used 242809K [0x00000000d5580000, 0x00000000e9000000, 0x0000000100000000)
  eden space 218624K, 99% used [0x00000000d5580000,0x00000000e2af39d8,0x00000000e2b00000)
  from space 36352K, 66% used [0x00000000e2b00000,0x00000000e42aad68,0x00000000e4e80000)
  to   space 36864K, 0% used [0x00000000e6c00000,0x00000000e6c00000,0x00000000e9000000)
 ParOldGen       total 200704K, used 136400K [0x0000000080000000, 0x000000008c400000, 0x00000000d5580000)
  object space 200704K, 67% used [0x0000000080000000,0x0000000088534348,0x000000008c400000)
 Metaspace       used 128732K, capacity 138460K, committed 138624K, reserved 1169408K
  class space    used 16405K, capacity 18005K, committed 18048K, reserved 1048576K
Event: 6958.170 GC heap after
Heap after GC invocations=66 (full 4):
 PSYoungGen      total 285184K, used 23115K [0x00000000d5580000, 0x00000000e9100000, 0x0000000100000000)
  eden space 248320K, 0% used [0x00000000d5580000,0x00000000d5580000,0x00000000e4800000)
  from space 36864K, 62% used [0x00000000e6c00000,0x00000000e8292c48,0x00000000e9000000)
  to   space 36864K, 0% used [0x00000000e4800000,0x00000000e4800000,0x00000000e6c00000)
 ParOldGen       total 200704K, used 136432K [0x0000000080000000, 0x000000008c400000, 0x00000000d5580000)
  object space 200704K, 67% used [0x0000000080000000,0x000000008853c348,0x000000008c400000)
 Metaspace       used 128732K, capacity 138460K, committed 138624K, reserved 1169408K
  class space    used 16405K, capacity 18005K, committed 18048K, reserved 1048576K
}
Event: 6969.457 GC heap before
{Heap before GC invocations=67 (full 4):
 PSYoungGen      total 285184K, used 271435K [0x00000000d5580000, 0x00000000e9100000, 0x0000000100000000)
  eden space 248320K, 100% used [0x00000000d5580000,0x00000000e4800000,0x00000000e4800000)
  from space 36864K, 62% used [0x00000000e6c00000,0x00000000e8292c48,0x00000000e9000000)
  to   space 36864K, 0% used [0x00000000e4800000,0x00000000e4800000,0x00000000e6c00000)
 ParOldGen       total 200704K, used 136432K [0x0000000080000000, 0x000000008c400000, 0x00000000d5580000)
  object space 200704K, 67% used [0x0000000080000000,0x000000008853c348,0x000000008c400000)
 Metaspace       used 128822K, capacity 138524K, committed 138624K, reserved 1169408K
  class space    used 16405K, capacity 18005K, committed 18048K, reserved 1048576K
Event: 6970.053 GC heap after
Heap after GC invocations=67 (full 4):
 PSYoungGen      total 285184K, used 32243K [0x00000000d5580000, 0x00000000eb880000, 0x0000000100000000)
  eden space 248320K, 0% used [0x00000000d5580000,0x00000000d5580000,0x00000000e4800000)
  from space 36864K, 87% used [0x00000000e4800000,0x00000000e677cdc8,0x00000000e6c00000)
  to   space 39936K, 0% used [0x00000000e9180000,0x00000000e9180000,0x00000000eb880000)
 ParOldGen       total 200704K, used 136464K [0x0000000080000000, 0x000000008c400000, 0x00000000d5580000)
  object space 200704K, 67% used [0x0000000080000000,0x0000000088544348,0x000000008c400000)
 Metaspace       used 128822K, capacity 138524K, committed 138624K, reserved 1169408K
  class space    used 16405K, capacity 18005K, committed 18048K, reserved 1048576K
}
Event: 6977.037 GC heap before
{Heap before GC invocations=68 (full 4):
 PSYoungGen      total 285184K, used 279918K [0x00000000d5580000, 0x00000000eb880000, 0x0000000100000000)
  eden space 248320K, 99% used [0x00000000d5580000,0x00000000e475ec40,0x00000000e4800000)
  from space 36864K, 87% used [0x00000000e4800000,0x00000000e677cdc8,0x00000000e6c00000)
  to   space 39936K, 0% used [0x00000000e9180000,0x00000000e9180000,0x00000000eb880000)
 ParOldGen       total 200704K, used 136464K [0x0000000080000000, 0x000000008c400000, 0x00000000d5580000)
  object space 200704K, 67% used [0x0000000080000000,0x0000000088544348,0x000000008c400000)
 Metaspace       used 128838K, capacity 138524K, committed 138624K, reserved 1169408K
  class space    used 16405K, capacity 18005K, committed 18048K, reserved 1048576K
Event: 6977.820 GC heap after
Heap after GC invocations=68 (full 4):
 PSYoungGen      total 322560K, used 27495K [0x00000000d5580000, 0x00000000ebd00000, 0x0000000100000000)
  eden space 282624K, 0% used [0x00000000d5580000,0x00000000d5580000,0x00000000e6980000)
  from space 39936K, 68% used [0x00000000e9180000,0x00000000eac59d70,0x00000000eb880000)
  to   space 40960K, 0% used [0x00000000e6980000,0x00000000e6980000,0x00000000e9180000)
 ParOldGen       total 200704K, used 136728K [0x0000000080000000, 0x000000008c400000, 0x00000000d5580000)
  object space 200704K, 68% used [0x0000000080000000,0x0000000088586348,0x000000008c400000)
 Metaspace       used 128838K, capacity 138524K, committed 138624K, reserved 1169408K
  class space    used 16405K, capacity 18005K, committed 18048K, reserved 1048576K
}
Event: 8924.517 GC heap before
{Heap before GC invocations=69 (full 4):
 PSYoungGen      total 322560K, used 310119K [0x00000000d5580000, 0x00000000ebd00000, 0x0000000100000000)
  eden space 282624K, 100% used [0x00000000d5580000,0x00000000e6980000,0x00000000e6980000)
  from space 39936K, 68% used [0x00000000e9180000,0x00000000eac59d70,0x00000000eb880000)
  to   space 40960K, 0% used [0x00000000e6980000,0x00000000e6980000,0x00000000e9180000)
 ParOldGen       total 200704K, used 136728K [0x0000000080000000, 0x000000008c400000, 0x00000000d5580000)
  object space 200704K, 68% used [0x0000000080000000,0x0000000088586348,0x000000008c400000)
 Metaspace       used 128912K, capacity 138602K, committed 138880K, reserved 1169408K
  class space    used 16406K, capacity 18006K, committed 18048K, reserved 1048576K
Event: 8925.435 GC heap after
Heap after GC invocations=69 (full 4):
 PSYoungGen      total 323584K, used 21358K [0x00000000d5580000, 0x00000000edd80000, 0x0000000100000000)
  eden space 282624K, 0% used [0x00000000d5580000,0x00000000d5580000,0x00000000e6980000)
  from space 40960K, 52% used [0x00000000e6980000,0x00000000e7e5bb40,0x00000000e9180000)
  to   space 39424K, 0% used [0x00000000eb700000,0x00000000eb700000,0x00000000edd80000)
 ParOldGen       total 200704K, used 137052K [0x0000000080000000, 0x000000008c400000, 0x00000000d5580000)
  object space 200704K, 68% used [0x0000000080000000,0x00000000885d7390,0x000000008c400000)
 Metaspace       used 128912K, capacity 138602K, committed 138880K, reserved 1169408K
  class space    used 16406K, capacity 18006K, committed 18048K, reserved 1048576K
}

